"../../../../../../IIM/A4/XmasJam/XmasJam/Content/FirstPerson/Character/Mesh/SK_Mannequin_Arms_Skeleton.uasset" 0
"../../../../../../IIM/A4/XmasJam/XmasJam/Content/FirstPerson/Animations/FirstPerson_Idle.uasset" 1
"../../../../../../IIM/A4/XmasJam/XmasJam/Content/FirstPerson/Animations/FirstPerson_JumpEnd.uasset" 2
"../../../../../../IIM/A4/XmasJam/XmasJam/Content/FirstPerson/Animations/FirstPerson_JumpLoop.uasset" 3
"../../../../../../IIM/A4/XmasJam/XmasJam/Content/FirstPerson/Animations/FirstPerson_JumpStart.uasset" 4
"../../../../../../IIM/A4/XmasJam/XmasJam/Content/FirstPerson/Animations/FirstPerson_Run.uasset" 5
"../../../Engine/Content/EditorBlueprintResources/StandardMacros.uasset" 6
"../../../../../../IIM/A4/XmasJam/XmasJam/Content/FirstPerson/Animations/FirstPerson_AnimBP.uasset" 7
"../../../../../../IIM/A4/XmasJam/XmasJam/Content/FirstPerson/Character/Mesh/FirstPersonAnimBlueprint_Copy.uasset" 8
"../../../../../../IIM/A4/XmasJam/XmasJam/Content/FirstPerson/Character/Textures/UE4_LOGO_CARD.uasset" 9
"../../../../../../IIM/A4/XmasJam/XmasJam/Content/FirstPerson/FPWeapon/Materials/MaterialLayers/ML_Plastic_Shiny_Beige_LOGO.uasset" 10
"../../../../../../IIM/A4/XmasJam/XmasJam/Content/FirstPerson/FPWeapon/Materials/MaterialLayers/T_ML_FineRubber.uasset" 11
"../../../../../../IIM/A4/XmasJam/XmasJam/Content/FirstPerson/FPWeapon/Mesh/SK_FPGun_PhysicsAsset.uasset" 12
"../../../../../../IIM/A4/XmasJam/XmasJam/Content/FirstPerson/Meshes/BaseMaterial.uasset" 13
"../../../../../../IIM/A4/XmasJam/XmasJam/Content/FirstPerson/Meshes/FirstPersonProjectileMaterial.uasset" 14
"../../../../../../IIM/A4/XmasJam/XmasJam/Content/FirstPerson/Meshes/FirstPersonProjectileMesh.uasset" 15
"../../../../../../IIM/A4/XmasJam/XmasJam/Content/FirstPersonBP/FirstPersonOverview.uasset" 16
"../../../Engine/Content/Animation/DefaultAnimBoneCompressionSettings.uasset" 17
"../../../../../../IIM/A4/XmasJam/XmasJam/Content/FirstPersonBP/3D/Krampus/Krampus_Skeleton.uasset" 18
"../../../../../../IIM/A4/XmasJam/XmasJam/Content/FirstPersonBP/3D/Krampus/Animations/StrikeToDeath.uasset" 19
"../../../../../../IIM/A4/XmasJam/XmasJam/Content/FirstPersonBP/3D/Krampus/Textures/Krampus_MT_Krampus_Normal.uasset" 20
"../../../../../../IIM/A4/XmasJam/XmasJam/Content/FirstPersonBP/3D/Modular/Material.uasset" 21
"../../../../../../IIM/A4/XmasJam/XmasJam/Content/FirstPersonBP/3D/Modular/SM_Beam.uasset" 22
"../../../../../../IIM/A4/XmasJam/XmasJam/Content/FirstPersonBP/3D/Modular/SM_Beam_Long.uasset" 23
"../../../../../../IIM/A4/XmasJam/XmasJam/Content/FirstPersonBP/3D/Modular/SM_Beam_Wall_Up.uasset" 24
"../../../../../../IIM/A4/XmasJam/XmasJam/Content/FirstPersonBP/3D/Modular/SM_Beam_Wall_Up_Long.uasset" 25
"../../../../../../IIM/A4/XmasJam/XmasJam/Content/FirstPersonBP/3D/Modular/SM_Door.uasset" 26
"../../../../../../IIM/A4/XmasJam/XmasJam/Content/FirstPersonBP/3D/Modular/SM_Ground.uasset" 27
"../../../../../../IIM/A4/XmasJam/XmasJam/Content/FirstPersonBP/3D/Modular/SM_Pillar.uasset" 28
"../../../../../../IIM/A4/XmasJam/XmasJam/Content/FirstPersonBP/3D/Modular/SM_Pillar_Corner.uasset" 29
"../../../../../../IIM/A4/XmasJam/XmasJam/Content/FirstPersonBP/3D/Modular/SM_Roof.uasset" 30
"../../../../../../IIM/A4/XmasJam/XmasJam/Content/FirstPersonBP/3D/Modular/SM_Roof_Pillar.uasset" 31
"../../../../../../IIM/A4/XmasJam/XmasJam/Content/FirstPersonBP/3D/Modular/SM_Roof_Pillar_Corner.uasset" 32
"../../../../../../IIM/A4/XmasJam/XmasJam/Content/FirstPersonBP/3D/Modular/SM_Roof_Window.uasset" 33
"../../../../../../IIM/A4/XmasJam/XmasJam/Content/FirstPersonBP/3D/Modular/SM_Wall.uasset" 34
"../../../../../../IIM/A4/XmasJam/XmasJam/Content/FirstPersonBP/3D/Modular/SM_Wall_Door.uasset" 35
"../../../../../../IIM/A4/XmasJam/XmasJam/Content/FirstPersonBP/3D/Modular/SM_Wall_Short.uasset" 36
"../../../../../../IIM/A4/XmasJam/XmasJam/Content/StarterContent/Materials/M_Glass.uasset" 37
"../../../../../../IIM/A4/XmasJam/XmasJam/Content/StarterContent/Textures/T_Door_M.uasset" 38
"../../../../../../IIM/A4/XmasJam/XmasJam/Content/StarterContent/Textures/T_Door_N.uasset" 39
"../../../../../../IIM/A4/XmasJam/XmasJam/Content/StarterContent/Props/Materials/M_Door.uasset" 40
"../../../../../../IIM/A4/XmasJam/XmasJam/Content/StarterContent/Props/SM_Door.uasset" 41
"../../../../../../IIM/A4/XmasJam/XmasJam/Content/FirstPersonBP/Blueprints/Door.uasset" 42
"../../../../../../IIM/A4/XmasJam/XmasJam/Content/FirstPersonBP/Blueprints/DoorColl.uasset" 43
"../../../../../../IIM/A4/XmasJam/XmasJam/Content/FirstPersonBP/HUD/HUD-Objectif.uasset" 44
"../../../../../../IIM/A4/XmasJam/XmasJam/Content/Geometry/Meshes/CubeMaterial.uasset" 45
"../../../../../../IIM/A4/XmasJam/XmasJam/Content/Geometry/Meshes/1M_Cube_Chamfer.uasset" 46
"../../../../../../IIM/A4/XmasJam/XmasJam/Content/Geometry/Meshes/TemplateFloor.uasset" 47
"../../../../../../IIM/A4/XmasJam/XmasJam/Content/FirstPersonBP/Blueprints/ToyPiece.uasset" 48
"../../../../../../IIM/A4/XmasJam/XmasJam/Content/Geometry/Toys/RockingHorse/Material_001.uasset" 49
"../../../../../../IIM/A4/XmasJam/XmasJam/Content/Geometry/Toys/RockingHorse/Rocking_Horse_Part_1_3.uasset" 50
"../../../../../../IIM/A4/XmasJam/XmasJam/Content/Geometry/Toys/RockingHorse/Rocking_Horse_Part_1_3_Blueprint.uasset" 51
"../../../../../../IIM/A4/XmasJam/XmasJam/Content/Geometry/Toys/Rocking_Horse_Part_1_3_Blueprint.uasset" 52
"../../../../../../IIM/A4/XmasJam/XmasJam/Content/Mannequin/Character/Mesh/UE4_Mannequin_Skeleton.uasset" 53
"../../../../../../IIM/A4/XmasJam/XmasJam/Content/Mannequin/Animations/ThirdPersonJump_End.uasset" 54
"../../../../../../IIM/A4/XmasJam/XmasJam/Content/Mannequin/Animations/ThirdPerson_Jump.uasset" 55
"../../../../../../IIM/A4/XmasJam/XmasJam/Content/Mannequin/Animations/ThirdPersonJump_Loop.uasset" 56
"../../../../../../IIM/A4/XmasJam/XmasJam/Content/Mannequin/Animations/ThirdPersonJump_Start.uasset" 57
"../../../../../../IIM/A4/XmasJam/XmasJam/Content/Mannequin/Animations/ThirdPersonIdle.uasset" 58
"../../../../../../IIM/A4/XmasJam/XmasJam/Content/Mannequin/Animations/ThirdPersonRun.uasset" 59
"../../../../../../IIM/A4/XmasJam/XmasJam/Content/Mannequin/Animations/ThirdPersonWalk.uasset" 60
"../../../../../../IIM/A4/XmasJam/XmasJam/Content/Mannequin/Animations/ThirdPerson_IdleRun_2D.uasset" 61
"../../../../../../IIM/A4/XmasJam/XmasJam/Content/Mannequin/Animations/ThirdPerson_AnimBP.uasset" 62
"../../../Engine/Content/Functions/Engine_MaterialFunctions02/Utility/BlendAngleCorrectedNormals.uasset" 63
"../../../Engine/Content/Functions/MaterialLayerFunctions/MatLayerBlend_NormalBlend.uasset" 64
"../../../Engine/Content/Functions/MaterialLayerFunctions/MatLayerBlend_Simple.uasset" 65
"../../../../../../IIM/A4/XmasJam/XmasJam/Content/Mannequin/Character/Materials/MaterialLayers/T_ML_Rubber_Blue_01_D.uasset" 66
"../../../../../../IIM/A4/XmasJam/XmasJam/Content/Mannequin/Character/Materials/MaterialLayers/T_ML_Rubber_Blue_01_N.uasset" 67
"../../../../../../IIM/A4/XmasJam/XmasJam/Content/Mannequin/Character/Materials/MaterialLayers/ML_GlossyBlack_Latex_UE4.uasset" 68
"../../../../../../IIM/A4/XmasJam/XmasJam/Content/Mannequin/Character/Materials/MaterialLayers/ML_Plastic_Shiny_Beige.uasset" 69
"../../../../../../IIM/A4/XmasJam/XmasJam/Content/Mannequin/Character/Textures/UE4_LOGO_CARD.uasset" 70
"../../../../../../IIM/A4/XmasJam/XmasJam/Content/Mannequin/Character/Materials/MaterialLayers/ML_Plastic_Shiny_Beige_LOGO.uasset" 71
"../../../../../../IIM/A4/XmasJam/XmasJam/Content/Mannequin/Character/Materials/MaterialLayers/T_ML_Aluminum01.uasset" 72
"../../../../../../IIM/A4/XmasJam/XmasJam/Content/Mannequin/Character/Materials/MaterialLayers/T_ML_Aluminum01_N.uasset" 73
"../../../../../../IIM/A4/XmasJam/XmasJam/Content/Mannequin/Character/Materials/MaterialLayers/ML_SoftMetal_UE4.uasset" 74
"../../../../../../IIM/A4/XmasJam/XmasJam/Content/Mannequin/Character/Textures/UE4_Mannequin__normals.uasset" 75
"../../../../../../IIM/A4/XmasJam/XmasJam/Content/Mannequin/Character/Textures/UE4_Mannequin_MAT_MASKA.uasset" 76
"../../../../../../IIM/A4/XmasJam/XmasJam/Content/Mannequin/Character/Materials/M_UE4Man_Body.uasset" 77
"../../../../../../IIM/A4/XmasJam/XmasJam/Content/Mannequin/Character/Textures/UE4Man_Logo_N.uasset" 78
"../../../../../../IIM/A4/XmasJam/XmasJam/Content/Mannequin/Character/Materials/M_UE4Man_ChestLogo.uasset" 79
"../../../../../../IIM/A4/XmasJam/XmasJam/Content/Mannequin/Character/Mesh/SK_Mannequin_PhysicsAsset.uasset" 80
"../../../../../../IIM/A4/XmasJam/XmasJam/Content/Mannequin/Character/Mesh/SK_Mannequin.uasset" 81
"../../../../../../IIM/A4/XmasJam/XmasJam/Content/Sound/Ambient1.uasset" 82
"../../../../../../IIM/A4/XmasJam/XmasJam/Content/Sound/marche_bois.uasset" 83
"../../../../../../IIM/A4/XmasJam/XmasJam/Content/Sounds/SpawnAttenuation.uasset" 84
"../../../../../../IIM/A4/XmasJam/XmasJam/Content/Sounds/KrampusSpawn/KrampusSpawn.uasset" 85
"../../../../../../IIM/A4/XmasJam/XmasJam/Content/Sounds/KrampusSpawn/spawn_krampus_w2.uasset" 86
"../../../../../../IIM/A4/XmasJam/XmasJam/Content/Sounds/Steps/Step01.uasset" 87
"../../../../../../IIM/A4/XmasJam/XmasJam/Content/Sounds/Steps/Step02.uasset" 88
"../../../../../../IIM/A4/XmasJam/XmasJam/Content/Sounds/Steps/Step03.uasset" 89
"../../../../../../IIM/A4/XmasJam/XmasJam/Content/Sounds/Steps/Step04.uasset" 90
"../../../../../../IIM/A4/XmasJam/XmasJam/Content/Sounds/Steps/Step05.uasset" 91
"../../../../../../IIM/A4/XmasJam/XmasJam/Content/Sounds/Steps/Step06.uasset" 92
"../../../../../../IIM/A4/XmasJam/XmasJam/Content/Sounds/Steps/Step07.uasset" 93
"../../../../../../IIM/A4/XmasJam/XmasJam/Content/Sounds/Steps/Step08.uasset" 94
"../../../../../../IIM/A4/XmasJam/XmasJam/Content/Sounds/Steps/Step09.uasset" 95
"../../../../../../IIM/A4/XmasJam/XmasJam/Content/Sounds/Steps/Step10.uasset" 96
"../../../../../../IIM/A4/XmasJam/XmasJam/Content/Sounds/Steps/Step11.uasset" 97
"../../../../../../IIM/A4/XmasJam/XmasJam/Content/Sounds/Steps/Step12.uasset" 98
"../../../../../../IIM/A4/XmasJam/XmasJam/Content/Sounds/Wood/Wood.uasset" 99
"../../../../../../IIM/A4/XmasJam/XmasJam/Content/Sounds/Wood/wood01.uasset" 100
"../../../../../../IIM/A4/XmasJam/XmasJam/Content/Sounds/Wood/wood02.uasset" 101
"../../../../../../IIM/A4/XmasJam/XmasJam/Content/StarterContent/Materials/M_Basic_Wall.uasset" 102
"../../../../../../IIM/A4/XmasJam/XmasJam/Content/StarterContent/Architecture/Pillar_50x500.uasset" 103
"../../../../../../IIM/A4/XmasJam/XmasJam/Content/StarterContent/Architecture/Wall_400x300.uasset" 104
"../../../../../../IIM/A4/XmasJam/XmasJam/Content/StarterContent/Architecture/Wall_400x400.uasset" 105
"../../../../../../IIM/A4/XmasJam/XmasJam/Content/StarterContent/Architecture/Wall_500x500.uasset" 106
"../../../../../../IIM/A4/XmasJam/XmasJam/Content/StarterContent/Architecture/Wall_Door_400x400.uasset" 107
"../../../../../../IIM/A4/XmasJam/XmasJam/Content/StarterContent/Architecture/Wall_Window_400x400.uasset" 108
"../../../../../../IIM/A4/XmasJam/XmasJam/Content/StarterContent/Audio/Collapse01.uasset" 109
"../../../../../../IIM/A4/XmasJam/XmasJam/Content/StarterContent/Audio/Collapse02.uasset" 110
"../../../../../../IIM/A4/XmasJam/XmasJam/Content/StarterContent/Audio/Explosion01.uasset" 111
"../../../../../../IIM/A4/XmasJam/XmasJam/Content/StarterContent/Audio/Explosion02.uasset" 112
"../../../../../../IIM/A4/XmasJam/XmasJam/Content/StarterContent/Audio/Fire01.uasset" 113
"../../../../../../IIM/A4/XmasJam/XmasJam/Content/StarterContent/Audio/Fire_Sparks01.uasset" 114
"../../../../../../IIM/A4/XmasJam/XmasJam/Content/StarterContent/Audio/Light01.uasset" 115
"../../../../../../IIM/A4/XmasJam/XmasJam/Content/StarterContent/Audio/Light01_Cue.uasset" 116
"../../../../../../IIM/A4/XmasJam/XmasJam/Content/StarterContent/Audio/Light02.uasset" 117
"../../../../../../IIM/A4/XmasJam/XmasJam/Content/StarterContent/Audio/Light02_Cue.uasset" 118
"../../../../../../IIM/A4/XmasJam/XmasJam/Content/StarterContent/Audio/Smoke01.uasset" 119
"../../../../../../IIM/A4/XmasJam/XmasJam/Content/StarterContent/Audio/Starter_Birds01.uasset" 120
"../../../../../../IIM/A4/XmasJam/XmasJam/Content/StarterContent/Audio/Starter_Music01.uasset" 121
"../../../../../../IIM/A4/XmasJam/XmasJam/Content/StarterContent/Audio/Starter_Wind05.uasset" 122
"../../../../../../IIM/A4/XmasJam/XmasJam/Content/StarterContent/Audio/Starter_Wind06.uasset" 123
"../../../../../../IIM/A4/XmasJam/XmasJam/Content/StarterContent/Audio/Steam01.uasset" 124
"../../../../../../IIM/A4/XmasJam/XmasJam/Content/StarterContent/Audio/Explosion_Cue.uasset" 125
"../../../../../../IIM/A4/XmasJam/XmasJam/Content/StarterContent/Textures/T_Burst_M.uasset" 126
"../../../../../../IIM/A4/XmasJam/XmasJam/Content/StarterContent/Particles/Materials/M_Burst.uasset" 127
"../../../../../../IIM/A4/XmasJam/XmasJam/Content/StarterContent/Textures/T_Explosion_SubUV.uasset" 128
"../../../../../../IIM/A4/XmasJam/XmasJam/Content/StarterContent/Particles/Materials/M_explosion_subUV.uasset" 129
"../../../../../../IIM/A4/XmasJam/XmasJam/Content/StarterContent/Particles/Materials/m_flare_01.uasset" 130
"../../../Engine/Content/Functions/Engine_MaterialFunctions01/Gradient/RadialGradient.uasset" 131
"../../../../../../IIM/A4/XmasJam/XmasJam/Content/StarterContent/Particles/Materials/M_radial_ramp.uasset" 132
"../../../../../../IIM/A4/XmasJam/XmasJam/Content/StarterContent/Textures/T_Smoke_SubUV.uasset" 133
"../../../../../../IIM/A4/XmasJam/XmasJam/Content/StarterContent/Textures/T_Smoke_Tiled_D.uasset" 134
"../../../../../../IIM/A4/XmasJam/XmasJam/Content/StarterContent/Particles/Materials/M_smoke_subUV.uasset" 135
"../../../../../../IIM/A4/XmasJam/XmasJam/Content/StarterContent/Particles/P_Explosion.uasset" 136
"../../../../../../IIM/A4/XmasJam/XmasJam/Content/StarterContent/Blueprints/Blueprint_Effect_Explosion.uasset" 137
"../../../Engine/Content/EditorMeshes/ColorCalibrator/T_ColorGrid.uasset" 138
"../../../../../../IIM/A4/XmasJam/XmasJam/Content/StarterContent/Materials/M_ColorGrid_LowSpec.uasset" 139
"../../../../../../IIM/A4/XmasJam/XmasJam/Content/StarterContent/Textures/T_Bush_D.uasset" 140
"../../../../../../IIM/A4/XmasJam/XmasJam/Content/StarterContent/Textures/T_Bush_N.uasset" 141
"../../../../../../IIM/A4/XmasJam/XmasJam/Content/StarterContent/Props/Materials/M_Bush.uasset" 142
"../../../../../../IIM/A4/XmasJam/XmasJam/Content/StarterContent/Props/SM_Bush.uasset" 143
"../../../../../../IIM/A4/XmasJam/XmasJam/Content/StarterContent/Props/Materials/M_MaterialSphere.uasset" 144
"../../../../../../IIM/A4/XmasJam/XmasJam/Content/StarterContent/Props/Materials/M_MaterialSphere_Plain.uasset" 145
"../../../../../../IIM/A4/XmasJam/XmasJam/Content/StarterContent/Props/SM_MatPreviewMesh_02.uasset" 146
"../../../../../../IIM/A4/XmasJam/XmasJam/Content/StarterContent/Textures/T_Detail_Rocky_N.uasset" 147
"../../../../../../IIM/A4/XmasJam/XmasJam/Content/StarterContent/Textures/T_Rock_Basalt_D.uasset" 148
"../../../../../../IIM/A4/XmasJam/XmasJam/Content/StarterContent/Textures/T_RockMesh_M.uasset" 149
"../../../../../../IIM/A4/XmasJam/XmasJam/Content/StarterContent/Textures/T_RockMesh_N.uasset" 150
"../../../../../../IIM/A4/XmasJam/XmasJam/Content/StarterContent/Props/Materials/M_Rock.uasset" 151
"../../../../../../IIM/A4/XmasJam/XmasJam/Content/StarterContent/Props/SM_Rock.uasset" 152
"../../../../../../IIM/A4/XmasJam/XmasJam/Content/StarterContent/Textures/T_Shelf_M.uasset" 153
"../../../../../../IIM/A4/XmasJam/XmasJam/Content/StarterContent/Textures/T_Shelf_N.uasset" 154
"../../../../../../IIM/A4/XmasJam/XmasJam/Content/StarterContent/Props/Materials/M_Shelf.uasset" 155
"../../../../../../IIM/A4/XmasJam/XmasJam/Content/StarterContent/Props/SM_Shelf.uasset" 156
"../../../../../../IIM/A4/XmasJam/XmasJam/Content/StarterContent/Materials/M_Basic_Floor.uasset" 157
"../../../../../../IIM/A4/XmasJam/XmasJam/Content/StarterContent/Props/SM_Stairs.uasset" 158
"../../../../../../IIM/A4/XmasJam/XmasJam/Content/StarterContent/Shapes/Shape_Cone.uasset" 159
"../../../../../../IIM/A4/XmasJam/XmasJam/Content/StarterContent/Shapes/Shape_Cylinder.uasset" 160
"../../../../../../IIM/A4/XmasJam/XmasJam/Content/StarterContent/Shapes/Shape_NarrowCapsule.uasset" 161
"../../../../../../IIM/A4/XmasJam/XmasJam/Content/StarterContent/Shapes/Shape_Pipe.uasset" 162
"../../../../../../IIM/A4/XmasJam/XmasJam/Content/StarterContent/Shapes/Shape_Pipe_180.uasset" 163
"../../../../../../IIM/A4/XmasJam/XmasJam/Content/StarterContent/Shapes/Shape_Pipe_90.uasset" 164
"../../../../../../IIM/A4/XmasJam/XmasJam/Content/StarterContent/Shapes/Shape_Plane.uasset" 165
"../../../../../../IIM/A4/XmasJam/XmasJam/Content/StarterContent/Shapes/Shape_Torus.uasset" 166
"../../../../../../IIM/A4/XmasJam/XmasJam/Content/StarterContent/Shapes/Shape_Trim.uasset" 167
"../../../../../../IIM/A4/XmasJam/XmasJam/Content/StarterContent/Shapes/Shape_Trim_90_In.uasset" 168
"../../../../../../IIM/A4/XmasJam/XmasJam/Content/StarterContent/Shapes/Shape_Trim_90_Out.uasset" 169
"../../../../../../IIM/A4/XmasJam/XmasJam/Content/StarterContent/Shapes/Shape_TriPyramid.uasset" 170
"../../../../../../IIM/A4/XmasJam/XmasJam/Content/StarterContent/Shapes/Shape_Tube.uasset" 171
"../../../../../../IIM/A4/XmasJam/XmasJam/Content/StarterContent/Shapes/Shape_Wedge_A.uasset" 172
"../../../../../../IIM/A4/XmasJam/XmasJam/Content/StarterContent/Shapes/Shape_Wedge_B.uasset" 173
"../../../../../../IIM/A4/XmasJam/XmasJam/Content/StarterContent/Shapes/Shape_WideCapsule.uasset" 174
"../../../Engine/Content/Animation/DefaultAnimCurveCompressionSettings.uasset" 175
"../../../Engine/Content/Functions/Engine_MaterialFunctions01/Opacity/CameraDepthFade.uasset" 176
"../../../Engine/Content/EngineMaterials/T_Default_Material_Grid_M.uasset" 177
"../../../Engine/Content/EngineMaterials/T_Default_Material_Grid_N.uasset" 178
"../../../Engine/Content/EngineMaterials/WorldGridMaterial.uasset" 179
"../../../Engine/Content/ArtTools/RenderToTexture/Meshes/S_1_Unit_Plane.uasset" 180
"../../../Engine/Content/EngineMaterials/DefaultMaterial.uasset" 181
"../../../Engine/Content/BasicShapes/Cone.uasset" 182
"../../../Engine/Content/BasicShapes/Cylinder.uasset" 183
"../../../Engine/Content/BasicShapes/Plane.uasset" 184
"../../../Engine/Content/BasicShapes/Sphere.uasset" 185
"../../../Engine/Content/EditorLandscapeResources/DataLayer.uasset" 186
"../../../Engine/Content/EditorMaterials/MAT_Groups_Toggle.uasset" 187
"../../../Engine/Content/EditorMaterials/MAT_Groups_Visibility.uasset" 188
"../../../Engine/Content/EditorMaterials/PreviewShadowIndicator.uasset" 189
"../../../Engine/Content/EditorMaterials/PreviewShadowIndicatorMaterial.uasset" 190
"../../../Engine/Content/EditorMaterials/MatineeGroups/MAT_ColorTrack.uasset" 191
"../../../Engine/Content/EditorMaterials/MatineeGroups/MAT_Groups_Anim.uasset" 192
"../../../Engine/Content/EditorMaterials/MatineeGroups/MAT_Groups_AudioMaster.uasset" 193
"../../../Engine/Content/EditorMaterials/MatineeGroups/MAT_Groups_Director.uasset" 194
"../../../Engine/Content/EditorMaterials/MatineeGroups/MAT_Groups_Event.uasset" 195
"../../../Engine/Content/EditorMaterials/MatineeGroups/MAT_Groups_Fade.uasset" 196
"../../../Engine/Content/EditorMaterials/MatineeGroups/MAT_Groups_Float.uasset" 197
"../../../Engine/Content/EditorMaterials/MatineeGroups/MAT_Groups_Move.uasset" 198
"../../../Engine/Content/EditorMaterials/MatineeGroups/MAT_Groups_Slomo.uasset" 199
"../../../Engine/Content/EditorMaterials/MatineeGroups/MAT_Groups_Sound.uasset" 200
"../../../Engine/Content/EditorMaterials/MatineeGroups/MAT_Groups_Vector.uasset" 201
"../../../Engine/Content/EditorMaterials/ParticleSystems/PSysThumbnail_NoImage.uasset" 202
"../../../Engine/Content/EditorMaterials/ParticleSystems/PSysThumbnail_OOD.uasset" 203
"../../../Engine/Content/EditorMaterials/Camera/CineMat.uasset" 204
"../../../Engine/Content/EditorMaterials/Camera/MI_CineMat_Rig.uasset" 205
"../../../Engine/Content/EditorMeshes/Camera/SM_CraneRig_Arm.uasset" 206
"../../../Engine/Content/EditorMeshes/Camera/SM_CraneRig_Base.uasset" 207
"../../../Engine/Content/EditorMeshes/Camera/SM_CraneRig_Body.uasset" 208
"../../../Engine/Content/EditorMeshes/Camera/SM_CraneRig_Mount.uasset" 209
"../../../Engine/Content/EditorMeshes/Camera/SM_RailRig_Mount.uasset" 210
"../../../Engine/Content/EditorMeshes/Camera/SM_RailRig_Track.uasset" 211
"../../../Engine/Content/EditorResources/BSPVertex.uasset" 212
"../../../Engine/Content/EditorResources/EmptyActor.uasset" 213
"../../../Engine/Content/EditorResources/S_Actor.uasset" 214
"../../../Engine/Content/EditorResources/S_Note.uasset" 215
"../../../Engine/Content/EditorResources/S_Solver.uasset" 216
"../../../Engine/Content/EditorResources/S_Trigger.uasset" 217
"../../../Engine/Content/EditorResources/AudioIcons/S_AudioComponent.uasset" 218
"../../../Engine/Content/EditorResources/AudioIcons/S_AudioComponent_AutoActivate.uasset" 219
"../../../Engine/Content/EditorResources/LightIcons/S_LightError.uasset" 220
"../../../Engine/Content/EditorResources/SequenceRecorder/Countdown.uasset" 221
"../../../Engine/Content/EditorResources/SequenceRecorder/RecordingIndicator.uasset" 222
"../../../Engine/Content/EditorSounds/Notifications/CompileFailed.uasset" 223
"../../../Engine/Content/EditorSounds/Notifications/CompileFailed_Cue.uasset" 224
"../../../Engine/Content/EditorSounds/Notifications/CompileSuccess.uasset" 225
"../../../Engine/Content/EditorSounds/Notifications/CompileStart_Cue.uasset" 226
"../../../Engine/Content/EditorSounds/Notifications/CompileSuccess_Cue.uasset" 227
"../../../Engine/Content/EngineDamageTypes/DmgTypeBP_Environmental.uasset" 228
"../../../Engine/Content/EngineDebugMaterials/DebugEditorMaterial.uasset" 229
"../../../Engine/Content/EngineDebugMaterials/DebugMeshMaterial.uasset" 230
"../../../Engine/Content/EngineDebugMaterials/M_SimpleUnlitTranslucent.uasset" 231
"../../../Engine/Content/Functions/Engine_MaterialFunctions02/Utility/CameraDirectionVector.uasset" 232
"../../../Engine/Content/EngineDebugMaterials/VolumeToRender.uasset" 233
"../../../Engine/Content/EngineDebugMaterials/M_VolumeRenderSphereTracePP.uasset" 234
"../../../Engine/Content/EngineDebugMaterials/WireframeMaterial.uasset" 235
"../../../Engine/Content/EngineFonts/Faces/DroidSansFallback.uasset" 236
"../../../Engine/Content/EngineFonts/Faces/RobotoBold.uasset" 237
"../../../Engine/Content/EngineFonts/Faces/RobotoBoldItalic.uasset" 238
"../../../Engine/Content/EngineFonts/Faces/RobotoItalic.uasset" 239
"../../../Engine/Content/EngineFonts/Faces/RobotoLight.uasset" 240
"../../../Engine/Content/EngineFonts/Faces/RobotoRegular.uasset" 241
"../../../Engine/Content/EngineFonts/Roboto.uasset" 242
"../../../Engine/Content/EngineMaterials/BaseFlattenDiffuseMap.uasset" 243
"../../../Engine/Content/EngineMaterials/BaseFlattenEmissiveMap.uasset" 244
"../../../Engine/Content/EngineMaterials/BaseFlattenGrayscaleMap.uasset" 245
"../../../Engine/Content/EngineMaterials/BaseFlattenNormalMap.uasset" 246
"../../../Engine/Content/EngineMaterials/BaseFlattenMaterial.uasset" 247
"../../../Engine/Content/EngineMaterials/BlueNoise.uasset" 248
"../../../Engine/Content/EngineMaterials/DefaultBloomKernel.uasset" 249
"../../../Engine/Content/EngineMaterials/DefaultBokeh.uasset" 250
"../../../Engine/Content/EngineMaterials/DefaultDiffuse.uasset" 251
"../../../Engine/Content/EngineMaterials/DefaultDeferredDecalMaterial.uasset" 252
"../../../Engine/Content/EngineMaterials/DefaultLightFunctionMaterial.uasset" 253
"../../../Engine/Content/EngineMaterials/DefaultPhysicalMaterial.uasset" 254
"../../../Engine/Content/Functions/Engine_MaterialFunctions02/Utility/BreakOutFloat2Components.uasset" 255
"../../../Engine/Content/EngineMaterials/DefaultPostProcessMaterial.uasset" 256
"../../../Engine/Content/EngineFonts/RobotoDistanceField.uasset" 257
"../../../Engine/Content/EngineMaterials/DefaultTextMaterialOpaque.uasset" 258
"../../../Engine/Content/EngineMaterials/DefaultWhiteGrid.uasset" 259
"../../../Engine/Content/EngineMaterials/DefaultWhiteGrid_Low.uasset" 260
"../../../Engine/Content/EngineMaterials/EmissiveMeshMaterial.uasset" 261
"../../../Engine/Content/EngineMaterials/GizmoMaterial.uasset" 262
"../../../Engine/Content/EngineMaterials/Good64x64TilingNoiseHighFreq.uasset" 263
"../../../Engine/Content/EngineMaterials/MiniFont.uasset" 264
"../../../Engine/Content/EngineMaterials/InvalidLightmapSettings.uasset" 265
"../../../Engine/Content/EngineMaterials/M_InvalidLightmapSettings.uasset" 266
"../../../Engine/Content/Functions/Engine_MaterialFunctions02/WorldPositionOffset/CameraOffset.uasset" 267
"../../../Engine/Content/EngineMaterials/PhAT_JointLimitMaterial.uasset" 268
"../../../Engine/Content/EngineMaterials/PreintegratedSkinBRDF.uasset" 269
"../../../Engine/Content/EngineMaterials/RemoveSurfaceMaterial.uasset" 270
"../../../Engine/Content/EngineMaterials/WeightMapPlaceholderTexture.uasset" 271
"../../../Engine/Content/EngineResources/WhiteSquareTexture.uasset" 272
"../../../Engine/Content/EngineMaterials/Widget3DPassThrough.uasset" 273
"../../../Engine/Content/EngineMaterials/Widget3DPassThrough_Masked.uasset" 274
"../../../Engine/Content/EngineMaterials/Widget3DPassThrough_Opaque.uasset" 275
"../../../Engine/Content/EngineMaterials/Widget3DPassThrough_Masked_OneSided.uasset" 276
"../../../Engine/Content/EngineMaterials/Widget3DPassThrough_Opaque_OneSided.uasset" 277
"../../../Engine/Content/EngineMaterials/Widget3DPassThrough_Translucent.uasset" 278
"../../../Engine/Content/EngineMaterials/Widget3DPassThrough_Translucent_OneSided.uasset" 279
"../../../Engine/Content/EngineMeshes/Cylinder.uasset" 280
"../../../Engine/Content/EngineMeshes/Sphere.uasset" 281
"../../../Engine/Content/EngineResources/Black.uasset" 282
"../../../Engine/Content/EngineResources/DefaultTexture.uasset" 283
"../../../Engine/Content/EngineResources/DefaultTextureCube.uasset" 284
"../../../Engine/Content/EngineResources/DefaultVolumeTexture2D.uasset" 285
"../../../Engine/Content/EngineResources/DefaultVolumeTexture.uasset" 286
"../../../Engine/Content/EngineResources/GradientTexture0.uasset" 287
"../../../Engine/Content/EngineSounds/Master.uasset" 288
"../../../Engine/Content/Functions/Engine_MaterialFunctions01/Shading/ConvertFromDiffSpec.uasset" 289
"../../../Engine/Content/Functions/Engine_MaterialFunctions01/Shading/PowerToRoughness.uasset" 290
"../../../Engine/Content/Maps/Templates/Thumbnails/Default.uasset" 291
"../../../Engine/Content/Maps/Templates/Thumbnails/TimeOfDay.uasset" 292
"../../../Engine/Content/Maps/Templates/Thumbnails/VR-Basic.uasset" 293
"../../../Engine/Content/MobileResources/T_MobileControls_texture.uasset" 294
"../../../Engine/Content/MobileResources/T_MobileMenu2.uasset" 295
"../../../Engine/Content/MobileResources/HUD/AnalogHat.uasset" 296
"../../../Engine/Content/MobileResources/HUD/VirtualJoystick_Background.uasset" 297
"../../../Engine/Content/MobileResources/HUD/VirtualJoystick_Thumb.uasset" 298
"../../../Engine/Content/MobileResources/HUD/DefaultVirtualJoysticks.uasset" 299
"../../../Engine/Content/MobileResources/HUD/LeftVirtualJoystickOnly.uasset" 300
"../../../Engine/Content/MobileResources/HUD/MobileHUDButton1_off.uasset" 301
"../../../Engine/Content/MobileResources/HUD/MobileHUDButton1_on.uasset" 302
"../../../Engine/Content/MobileResources/HUD/MobileHUDButton2_off.uasset" 303
"../../../Engine/Content/MobileResources/HUD/MobileHUDButton2_on.uasset" 304
"../../../Engine/Content/MobileResources/HUD/MobileHUDButton3.uasset" 305
"../../../Engine/Content/MobileResources/HUD/MobileHUDButtonFire.uasset" 306
"../../../Engine/Content/MobileResources/HUD/MobileHUDDirectionPad.uasset" 307
"../../../Engine/Content/MobileResources/HUD/MobileHUDDirectionPad2.uasset" 308
"../../../Engine/Content/MobileResources/HUD/MobileHUDDirectionPad3.uasset" 309
"../../../Engine/Content/MobileResources/HUD/MobileHUDDirectionStick.uasset" 310
"../../../Engine/Content/MobileResources/HUD/T_Castle_ThumbstickInner.uasset" 311
"../../../Engine/Content/MobileResources/HUD/T_Castle_ThumbstickOutter.uasset" 312
"../../../Engine/Content/Tutorial/ContentIntroCurve.uasset" 313
"../../../Engine/Content/Tutorial/Basics/LevelEditorAttract.uasset" 314
"../../../Engine/Content/VREditor/LaserPointer/VR_LaserPower_01.uasset" 315
"../../../Engine/Content/VREditor/TransformGizmo/TransformGizmoMaterial.uasset" 316
"../../../Engine/Content/VREditor/TransformGizmo/TranslucentTransformGizmoMaterial.uasset" 317
"../../../Engine/Content/VREditor/TransformGizmo/BoundingBoxCorner.uasset" 318
"../../../Engine/Content/VREditor/TransformGizmo/BoundingBoxEdge.uasset" 319
"../../../Engine/Content/VREditor/TransformGizmo/PlaneTranslationHandle.uasset" 320
"../../../Engine/Content/VREditor/TransformGizmo/Main.uasset" 321
"../../../Engine/Content/VREditor/TransformGizmo/Xray.uasset" 322
"../../../Engine/Content/VREditor/TransformGizmo/SM_Sequencer_Key.uasset" 323
"../../../Engine/Content/VREditor/TransformGizmo/SM_Sequencer_Node.uasset" 324
"../../Plugins/2D/Paper2D/Content/PlaceholderTextures/DummySpriteTexture.uasset" 325
"../../Plugins/2D/Paper2D/Content/DummySprite.uasset" 326
"../../Plugins/2D/Paper2D/Content/DefaultPaperTerrainMaterial.uasset" 327
"../../Plugins/2D/Paper2D/Content/DefaultSpriteMaterial.uasset" 328
"../../Plugins/2D/Paper2D/Content/MaskedUnlitSpriteMaterial.uasset" 329
"../../Plugins/2D/Paper2D/Content/OpaqueUnlitSpriteMaterial.uasset" 330
"../../Plugins/FX/Niagara/Content/Enums/ENiagaraBooleanLogicOps.uasset" 331
"../../Plugins/FX/Niagara/Content/Enums/ENiagaraCoordinateSpace.uasset" 332
"../../Plugins/FX/Niagara/Content/Enums/ENiagaraExpansionMode.uasset" 333
"../../Plugins/FX/Niagara/Content/Enums/ENiagaraOrientationAxis.uasset" 334
"../../Plugins/FX/Niagara/Content/Enums/ENiagaraRandomnessMode.uasset" 335
"../../../Engine/Content/Functions/Engine_MaterialFunctions02/Utility/BreakOutFloat4Components.uasset" 336
"../../../Engine/Content/Functions/Engine_MaterialFunctions02/Utility/MakeFloat2.uasset" 337
"../../../Engine/Content/Functions/Engine_MaterialFunctions02/Utility/MakeFloat3.uasset" 338
"../../Plugins/Runtime/Oculus/OculusVR/Content/Materials/OculusMR_ChromaKey.uasset" 339
"../../Plugins/Runtime/Oculus/OculusVR/Content/Materials/OculusMR_ChromaKey_Lit.uasset" 340
"../../Plugins/Runtime/Oculus/OculusVR/Content/Materials/OculusMR_OpaqueColoredMaterial.uasset" 341
"../../Plugins/Runtime/Oculus/OculusVR/Content/Materials/OculusMR_WhiteMaterial.uasset" 342
"../../../../../../IIM/A4/XmasJam/XmasJam/Content/FirstPerson/Animations/FirstPerson_Fire.uasset" 343
"../../../../../../IIM/A4/XmasJam/XmasJam/Content/FirstPerson/Animations/FirstPersonFire_Montage.uasset" 344
"../../../../../../IIM/A4/XmasJam/XmasJam/Content/FirstPersonBP/3D/Krampus/Animations/Attack.uasset" 345
"../../../../../../IIM/A4/XmasJam/XmasJam/Content/FirstPersonBP/3D/Krampus/Animations/IdleLook.uasset" 346
"../../../../../../IIM/A4/XmasJam/XmasJam/Content/FirstPersonBP/3D/Krampus/Animations/Idle.uasset" 347
"../../../../../../IIM/A4/XmasJam/XmasJam/Content/Sounds/Steps/Step.uasset" 348
"../../../../../../IIM/A4/XmasJam/XmasJam/Content/FirstPersonBP/3D/Krampus/Animations/Run.uasset" 349
"../../../../../../IIM/A4/XmasJam/XmasJam/Content/FirstPersonBP/3D/Krampus/Animations/Walk.uasset" 350
"../../../../../../IIM/A4/XmasJam/XmasJam/Content/FirstPersonBP/3D/Krampus/Animations/IdleToRun.uasset" 351
"../../../../../../IIM/A4/XmasJam/XmasJam/Content/FirstPersonBP/3D/Krampus/Animations/KrampusAnimBP.uasset" 352
"../../../../../../IIM/A4/XmasJam/XmasJam/Content/AI/KrampusPatrolManager.uasset" 353
"../../../../../../IIM/A4/XmasJam/XmasJam/Content/AI/KrampusBlackboard.uasset" 354
"../../../../../../IIM/A4/XmasJam/XmasJam/Content/AI/BTTask_CheckIfOnPlayer.uasset" 355
"../../../../../../IIM/A4/XmasJam/XmasJam/Content/AI/BTTask_CheckIfPatrolOver.uasset" 356
"../../../../../../IIM/A4/XmasJam/XmasJam/Content/AI/BTTask_GetNextPatrolPoint.uasset" 357
"../../../../../../IIM/A4/XmasJam/XmasJam/Content/AI/BTTask_GetPlayerLocation.uasset" 358
"../../../../../../IIM/A4/XmasJam/XmasJam/Content/AI/BTTask_IgnoreSound.uasset" 359
"../../../../../../IIM/A4/XmasJam/XmasJam/Content/AI/KrampusTree.uasset" 360
"../../../../../../IIM/A4/XmasJam/XmasJam/Content/Sounds/Chase/Being_chased.uasset" 361
"../../../../../../IIM/A4/XmasJam/XmasJam/Content/Sounds/Chase/Chase.uasset" 362
"../../../../../../IIM/A4/XmasJam/XmasJam/Content/Sounds/get_spotted_w1.uasset" 363
"../../../../../../IIM/A4/XmasJam/XmasJam/Content/Sounds/Stop_chase_w1.uasset" 364
"../../../../../../IIM/A4/XmasJam/XmasJam/Content/AI/KrampusController.uasset" 365
"../../../../../../IIM/A4/XmasJam/XmasJam/Content/FirstPersonBP/3D/Krampus/Textures/Krampus_MT_Krampus_BaseColor.uasset" 366
"../../../../../../IIM/A4/XmasJam/XmasJam/Content/FirstPersonBP/3D/Krampus/Textures/Krampus_MT_Krampus_Emissive.uasset" 367
"../../../../../../IIM/A4/XmasJam/XmasJam/Content/FirstPersonBP/3D/Krampus/Textures/Krampus_MT_Krampus_OcclusionRoughnessMetallic.uasset" 368
"../../../../../../IIM/A4/XmasJam/XmasJam/Content/FirstPersonBP/3D/Krampus/Textures/MT_Krampus.uasset" 369
"../../../../../../IIM/A4/XmasJam/XmasJam/Content/FirstPersonBP/3D/Krampus/Krampus_PhysicsAsset.uasset" 370
"../../../../../../IIM/A4/XmasJam/XmasJam/Content/FirstPersonBP/3D/Krampus/Krampus.uasset" 371
"../../../../../../IIM/A4/XmasJam/XmasJam/Content/Sounds/Mort.uasset" 372
"../../../../../../IIM/A4/XmasJam/XmasJam/Content/AI/Krampus.uasset" 373
"../../../../../../IIM/A4/XmasJam/XmasJam/Content/Sounds/KrampusSpawn/spawn_krampus_w1.uasset" 374
"../../../../../../IIM/A4/XmasJam/XmasJam/Content/Sounds/KrampusSpawn/Spawn_krampus_w3.uasset" 375
"../../../../../../IIM/A4/XmasJam/XmasJam/Content/AI/KrampusSpawnManager.uasset" 376
"../../../../../../IIM/A4/XmasJam/XmasJam/Content/Geometry/Toys/Pantin/Pantin_Part_1.uasset" 377
"../../../../../../IIM/A4/XmasJam/XmasJam/Content/Geometry/Toys/Pantin/Pantin_Part_1_Blueprint.uasset" 378
"../../../../../../IIM/A4/XmasJam/XmasJam/Content/Geometry/Toys/Pantin/Pantin_Part_2.uasset" 379
"../../../../../../IIM/A4/XmasJam/XmasJam/Content/Geometry/Toys/Pantin/Pantin_Part_2_Blueprint.uasset" 380
"../../../../../../IIM/A4/XmasJam/XmasJam/Content/Geometry/Toys/Pantin/Pantin_Part_3.uasset" 381
"../../../../../../IIM/A4/XmasJam/XmasJam/Content/Geometry/Toys/Pantin/Pantin_Part_3_Blueprint.uasset" 382
"../../../../../../IIM/A4/XmasJam/XmasJam/Content/Geometry/Toys/RockingHorse/Rocking_Horse_Part_2_3.uasset" 383
"../../../../../../IIM/A4/XmasJam/XmasJam/Content/Geometry/Toys/RockingHorse/Rocking_Horse_Part_2_3_Blueprint.uasset" 384
"../../../../../../IIM/A4/XmasJam/XmasJam/Content/Geometry/Toys/RockingHorse/Rocking_Horse_Part_3_3.uasset" 385
"../../../../../../IIM/A4/XmasJam/XmasJam/Content/Geometry/Toys/RockingHorse/Rocking_Horse_Part_3_3_Blueprint.uasset" 386
"../../../../../../IIM/A4/XmasJam/XmasJam/Content/Geometry/Toys/SmallTrain/Material_001.uasset" 387
"../../../../../../IIM/A4/XmasJam/XmasJam/Content/Geometry/Toys/SmallTrain/Small_Train_Part_1_3.uasset" 388
"../../../../../../IIM/A4/XmasJam/XmasJam/Content/Geometry/Toys/SmallTrain/Small_Train_Part_1_3_Blueprint.uasset" 389
"../../../../../../IIM/A4/XmasJam/XmasJam/Content/Geometry/Toys/SmallTrain/Small_Train_Part_2_3.uasset" 390
"../../../../../../IIM/A4/XmasJam/XmasJam/Content/Geometry/Toys/SmallTrain/Small_Train_Part_2_3_Blueprint.uasset" 391
"../../../../../../IIM/A4/XmasJam/XmasJam/Content/Geometry/Toys/SmallTrain/Small_Train_Part_3_3.uasset" 392
"../../../../../../IIM/A4/XmasJam/XmasJam/Content/Geometry/Toys/SmallTrain/Small_Train_Part_3_3_Blueprint.uasset" 393
"../../../Engine/Content/BasicShapes/BasicShapeMaterial.uasset" 394
"../../../../../../IIM/A4/XmasJam/XmasJam/Content/StarterContent/Textures/T_Brick_Clay_Beveled_D.uasset" 395
"../../../../../../IIM/A4/XmasJam/XmasJam/Content/StarterContent/Textures/T_Brick_Clay_Beveled_M.uasset" 396
"../../../../../../IIM/A4/XmasJam/XmasJam/Content/StarterContent/Textures/T_Brick_Clay_Beveled_N.uasset" 397
"../../../../../../IIM/A4/XmasJam/XmasJam/Content/StarterContent/Textures/T_MacroVariation.uasset" 398
"../../../../../../IIM/A4/XmasJam/XmasJam/Content/StarterContent/Materials/M_Brick_Clay_Beveled.uasset" 399
"../../../Engine/Content/BasicShapes/Cube.uasset" 400
"../../../../../../IIM/A4/XmasJam/XmasJam/Content/Sounds/TaskAttenuation.uasset" 401
"../../../../../../IIM/A4/XmasJam/XmasJam/Content/Sounds/Tasks.uasset" 402
"../../../../../../IIM/A4/XmasJam/XmasJam/Content/FirstPersonBP/Blueprints/CraftTable.uasset" 403
"../../../../../../IIM/A4/XmasJam/XmasJam/Content/StarterContent/Textures/T_Perlin_Noise_M.uasset" 404
"../../../../../../IIM/A4/XmasJam/XmasJam/Content/StarterContent/Textures/T_Wood_Floor_Walnut_D.uasset" 405
"../../../../../../IIM/A4/XmasJam/XmasJam/Content/StarterContent/Textures/T_Wood_Floor_Walnut_M.uasset" 406
"../../../../../../IIM/A4/XmasJam/XmasJam/Content/StarterContent/Textures/T_Wood_Floor_Walnut_N.uasset" 407
"../../../../../../IIM/A4/XmasJam/XmasJam/Content/StarterContent/Materials/M_Wood_Floor_Walnut_Polished.uasset" 408
"../../../../../../IIM/A4/XmasJam/XmasJam/Content/Sounds/kapla.uasset" 409
"../../../../../../IIM/A4/XmasJam/XmasJam/Content/Sounds/WoodAttenuation.uasset" 410
"../../../../../../IIM/A4/XmasJam/XmasJam/Content/StarterContent/Shapes/Shape_Cube.uasset" 411
"../../../../../../IIM/A4/XmasJam/XmasJam/Content/FirstPersonBP/Blueprints/FirstPersonProjectile.uasset" 412
"../../../../../../IIM/A4/XmasJam/XmasJam/Content/FirstPersonBP/Blueprints/ToyManager.uasset" 413
"../../../../../../IIM/A4/XmasJam/XmasJam/Content/FirstPersonBP/3D/Wardrobe/Material_001.uasset" 414
"../../../../../../IIM/A4/XmasJam/XmasJam/Content/FirstPersonBP/3D/Wardrobe/Waedrobe_Door_R.uasset" 415
"../../../../../../IIM/A4/XmasJam/XmasJam/Content/FirstPersonBP/3D/Wardrobe/Wardrobe_Block_2_1.uasset" 416
"../../../../../../IIM/A4/XmasJam/XmasJam/Content/FirstPersonBP/3D/Wardrobe/Wardrobe_Door_L.uasset" 417
"../../../../../../IIM/A4/XmasJam/XmasJam/Content/FirstPersonBP/Blueprints/Wardrobe.uasset" 418
"../../../../../../IIM/A4/XmasJam/XmasJam/Content/FirstPerson/Audio/FirstPersonTemplateWeaponFire02.uasset" 419
"../../../../../../IIM/A4/XmasJam/XmasJam/Content/FirstPerson/Character/Materials/MaterialLayers/T_ML_Rubber_Blue_01_D.uasset" 420
"../../../../../../IIM/A4/XmasJam/XmasJam/Content/FirstPerson/Character/Materials/MaterialLayers/T_ML_Rubber_Blue_01_N.uasset" 421
"../../../../../../IIM/A4/XmasJam/XmasJam/Content/FirstPerson/Character/Materials/MaterialLayers/ML_GlossyBlack_Latex_UE4.uasset" 422
"../../../../../../IIM/A4/XmasJam/XmasJam/Content/FirstPerson/Character/Materials/MaterialLayers/ML_Plastic_Shiny_Beige.uasset" 423
"../../../../../../IIM/A4/XmasJam/XmasJam/Content/FirstPerson/Character/Materials/MaterialLayers/ML_Plastic_Shiny_Beige_LOGO.uasset" 424
"../../../../../../IIM/A4/XmasJam/XmasJam/Content/FirstPerson/Character/Materials/MaterialLayers/T_ML_Aluminum01.uasset" 425
"../../../../../../IIM/A4/XmasJam/XmasJam/Content/FirstPerson/Character/Materials/MaterialLayers/T_ML_Aluminum01_N.uasset" 426
"../../../../../../IIM/A4/XmasJam/XmasJam/Content/FirstPerson/Character/Materials/MaterialLayers/ML_SoftMetal_UE4.uasset" 427
"../../../../../../IIM/A4/XmasJam/XmasJam/Content/FirstPerson/Character/Textures/UE4_Mannequin__normals.uasset" 428
"../../../../../../IIM/A4/XmasJam/XmasJam/Content/FirstPerson/Character/Textures/UE4_Mannequin_MAT_MASKA.uasset" 429
"../../../../../../IIM/A4/XmasJam/XmasJam/Content/FirstPerson/Character/Materials/M_UE4Man_Body.uasset" 430
"../../../../../../IIM/A4/XmasJam/XmasJam/Content/FirstPerson/Character/Mesh/SK_Mannequin_Arms_PhysicsAsset.uasset" 431
"../../../../../../IIM/A4/XmasJam/XmasJam/Content/FirstPerson/Character/Mesh/SK_Mannequin_Arms.uasset" 432
"../../../../../../IIM/A4/XmasJam/XmasJam/Content/FirstPerson/FPWeapon/Materials/MaterialLayers/T_ML_Rubber_Blue_01_D.uasset" 433
"../../../../../../IIM/A4/XmasJam/XmasJam/Content/FirstPerson/FPWeapon/Materials/MaterialLayers/T_ML_Rubber_Blue_01_N.uasset" 434
"../../../../../../IIM/A4/XmasJam/XmasJam/Content/FirstPerson/FPWeapon/Materials/MaterialLayers/ML_GlossyBlack_Latex_UE4.uasset" 435
"../../../../../../IIM/A4/XmasJam/XmasJam/Content/FirstPerson/FPWeapon/Materials/MaterialLayers/ML_Plastic_Shiny_Beige.uasset" 436
"../../../../../../IIM/A4/XmasJam/XmasJam/Content/FirstPerson/FPWeapon/Materials/MaterialLayers/ML_Screen.uasset" 437
"../../../../../../IIM/A4/XmasJam/XmasJam/Content/FirstPerson/FPWeapon/Materials/MaterialLayers/T_ML_Aluminum01.uasset" 438
"../../../../../../IIM/A4/XmasJam/XmasJam/Content/FirstPerson/FPWeapon/Materials/MaterialLayers/T_ML_Aluminum01_N.uasset" 439
"../../../../../../IIM/A4/XmasJam/XmasJam/Content/FirstPerson/FPWeapon/Materials/MaterialLayers/ML_SoftMetal_UE4.uasset" 440
"../../../../../../IIM/A4/XmasJam/XmasJam/Content/FirstPerson/FPWeapon/Textures/T_FPGun_M.uasset" 441
"../../../../../../IIM/A4/XmasJam/XmasJam/Content/FirstPerson/FPWeapon/Textures/T_FPGun_N.uasset" 442
"../../../../../../IIM/A4/XmasJam/XmasJam/Content/FirstPerson/FPWeapon/Materials/M_FPGun.uasset" 443
"../../../../../../IIM/A4/XmasJam/XmasJam/Content/FirstPerson/FPWeapon/Mesh/SK_FPGun_Skeleton.uasset" 444
"../../../../../../IIM/A4/XmasJam/XmasJam/Content/FirstPerson/FPWeapon/Mesh/SK_FPGun.uasset" 445
"../../../../../../IIM/A4/XmasJam/XmasJam/Content/FirstPersonBP/Blueprints/BP-SaveGame.uasset" 446
"../../../../../../IIM/A4/XmasJam/XmasJam/Content/FirstPersonBP/HUD/HUD-Defeat.uasset" 447
"../../../../../../IIM/A4/XmasJam/XmasJam/Content/FirstPersonBP/HUD/HUD-Pause.uasset" 448
"../../../../../../IIM/A4/XmasJam/XmasJam/Content/FirstPersonBP/HUD/HUD-Victory.uasset" 449
"../../../../../../IIM/A4/XmasJam/XmasJam/Content/Sprites/arrow.uasset" 450
"../../../../../../IIM/A4/XmasJam/XmasJam/Content/FirstPersonBP/UI/ToysCollected.uasset" 451
"../../../../../../IIM/A4/XmasJam/XmasJam/Content/FirstPersonBP/Blueprints/FirstPersonCharacter.uasset" 452
"../../../Engine/Content/EngineSky/C_Sky_Cloud_Color.uasset" 453
"../../../Engine/Content/EngineSky/C_Sky_Horizon_Color.uasset" 454
"../../../Engine/Content/EngineSky/C_Sky_Zenith_Color.uasset" 455
"../../../Engine/Content/EngineSky/T_Sky_Blue.uasset" 456
"../../../Engine/Content/EngineSky/T_Sky_Clouds_M.uasset" 457
"../../../Engine/Content/EngineSky/T_Sky_Stars.uasset" 458
"../../../Engine/Content/EngineSky/M_Sky_Panning_Clouds2.uasset" 459
"../../../Engine/Content/EngineSky/SM_SkySphere.uasset" 460
"../../../Engine/Content/EngineSky/BP_Sky_Sphere.uasset" 461
"../../../../../../IIM/A4/XmasJam/XmasJam/Content/FirstPersonBP/Blueprints/Button.uasset" 462
"../../../../../../IIM/A4/XmasJam/XmasJam/Content/FirstPerson/Textures/FirstPersonCrosshair.uasset" 463
"../../../../../../IIM/A4/XmasJam/XmasJam/Content/FirstPersonBP/Blueprints/FirstPersonHUD.uasset" 464
"../../../../../../IIM/A4/XmasJam/XmasJam/Content/FirstPersonBP/Blueprints/FirstPersonGameMode.uasset" 465
"../../../../../../IIM/A4/XmasJam/XmasJam/Content/FirstPerson/Meshes/CubeMaterialOverride.uasset" 466
"../../../../../../IIM/A4/XmasJam/XmasJam/Content/Geometry/Meshes/1M_Cube.uasset" 467
"../../../../../../IIM/A4/XmasJam/XmasJam/Content/FirstPersonBP/Blueprints/HideBlock.uasset" 468
"../../../../../../IIM/A4/XmasJam/XmasJam/Content/StarterContent/Textures/T_Chair_M.uasset" 469
"../../../../../../IIM/A4/XmasJam/XmasJam/Content/StarterContent/Textures/T_Chair_N.uasset" 470
"../../../../../../IIM/A4/XmasJam/XmasJam/Content/StarterContent/Props/Materials/M_Chair.uasset" 471
"../../../../../../IIM/A4/XmasJam/XmasJam/Content/StarterContent/Props/SM_Couch.uasset" 472
"../../../../../../IIM/A4/XmasJam/XmasJam/Content/FirstPersonBP/Blueprints/SM_Couch_Blueprint.uasset" 473
"../../../../../../IIM/A4/XmasJam/XmasJam/Content/Geometry/Toys/Pantin/Pantin.uasset" 474
"../../../../../../IIM/A4/XmasJam/XmasJam/Content/Geometry/Toys/Pantin/Pantin2_Blueprint.uasset" 475
"../../../../../../IIM/A4/XmasJam/XmasJam/Content/Geometry/Toys/RockingHorse/Rocking_Horse_3.uasset" 476
"../../../../../../IIM/A4/XmasJam/XmasJam/Content/Geometry/Toys/RockingHorse/Rocking_Horse_3_Blueprint.uasset" 477
"../../../../../../IIM/A4/XmasJam/XmasJam/Content/Geometry/Toys/SmallTrain/Material_003.uasset" 478
"../../../../../../IIM/A4/XmasJam/XmasJam/Content/Geometry/Toys/SmallTrain/Small_Train_3_1.uasset" 479
"../../../../../../IIM/A4/XmasJam/XmasJam/Content/Geometry/Toys/SmallTrain/Small_Train_3_1_Blueprint.uasset" 480
"../../../../../../IIM/A4/XmasJam/XmasJam/Content/FirstPersonBP/Maps/FirstPersonExampleMap_BuiltData.uasset" 481
"../../../Engine/Content/Functions/Engine_MaterialFunctions03/Procedurals/ComputeFilterWidth.uasset" 482
"../../../Engine/Content/EngineMaterials/AntiAliasedTextMaterialTranslucent.uasset" 483
"../../../../../../IIM/A4/XmasJam/XmasJam/Content/FirstPersonBP/UI/Timer.uasset" 484
"../../../../../../IIM/A4/XmasJam/XmasJam/Content/FirstPersonBP/Maps/FirstPersonExampleMap.umap" 485
"../../../../../../IIM/A4/XmasJam/XmasJam/Content/FirstPersonBP/Maps/LD_Map.umap" 486
"../../../../../../IIM/A4/XmasJam/XmasJam/Content/FirstPersonBP/Blueprints/ENUM_Settings.uasset" 487
"../../../../../../IIM/A4/XmasJam/XmasJam/Content/FirstPersonBP/HUD/HUD-MainMenu.uasset" 488
"../../../../../../IIM/A4/XmasJam/XmasJam/Content/FirstPersonBP/HUD/HUD-Options.uasset" 489
"../../../../../../IIM/A4/XmasJam/XmasJam/Content/FirstPersonBP/HUD/HUD-Play.uasset" 490
"../../../../../../IIM/A4/XmasJam/XmasJam/Content/FirstPersonBP/Blueprints/PC_MenuScene.uasset" 491
"../../../../../../IIM/A4/XmasJam/XmasJam/Content/FirstPersonBP/Blueprints/GM_MenuScene.uasset" 492
"../../../../../../IIM/A4/XmasJam/XmasJam/Content/FirstPersonBP/Maps/Menu_Scene_BuiltData.uasset" 493
"../../../Engine/Content/MapTemplates/SM_Template_Map_Floor.uasset" 494
"../../../../../../IIM/A4/XmasJam/XmasJam/Content/FirstPersonBP/Maps/Menu_Scene.umap" 495
"../../../../../../IIM/A4/XmasJam/XmasJam/Content/Levels/ArtTest.umap" 496
"../../../../../../IIM/A4/XmasJam/XmasJam/Content/StarterContent/Blueprints/Assets/FogBrightnessLUT.uasset" 497
"../../../../../../IIM/A4/XmasJam/XmasJam/Content/StarterContent/Blueprints/Assets/SunlightColorLUT.uasset" 498
"../../../../../../IIM/A4/XmasJam/XmasJam/Content/StarterContent/Blueprints/Assets/M_LightStage_Arrows.uasset" 499
"../../../Engine/Content/MapTemplates/Sky/DaylightAmbientCubemap.uasset" 500
"../../../../../../IIM/A4/XmasJam/XmasJam/Content/StarterContent/Blueprints/Assets/M_LightStage_Skybox_Master.uasset" 501
"../../../../../../IIM/A4/XmasJam/XmasJam/Content/StarterContent/Blueprints/Assets/M_LightStage_Skybox_Black.uasset" 502
"../../../../../../IIM/A4/XmasJam/XmasJam/Content/StarterContent/Blueprints/Assets/M_LightStage_Skybox_HDRI.uasset" 503
"../../../Engine/Content/EditorMaterials/Thumbnails/SkySphereMaterial.uasset" 504
"../../../../../../IIM/A4/XmasJam/XmasJam/Content/StarterContent/Blueprints/Assets/Skybox.uasset" 505
"../../../../../../IIM/A4/XmasJam/XmasJam/Content/StarterContent/Blueprints/Assets/SM_Arrows.uasset" 506
"../../../../../../IIM/A4/XmasJam/XmasJam/Content/StarterContent/HDRI/HDRI_Epic_Courtyard_Daylight.uasset" 507
"../../../../../../IIM/A4/XmasJam/XmasJam/Content/StarterContent/Blueprints/BP_LightStudio.uasset" 508
"../../../../../../IIM/A4/XmasJam/XmasJam/Content/StarterContent/Maps/Advanced_Lighting_BuiltData.uasset" 509
"../../../../../../IIM/A4/XmasJam/XmasJam/Content/StarterContent/Materials/M_AssetPlatform.uasset" 510
"../../../Engine/Content/EditorMeshes/ColorCalibrator/M_ChromeBall.uasset" 511
"../../../Engine/Content/EditorMeshes/ColorCalibrator/M_ClearCoat.uasset" 512
"../../../Engine/Content/EditorMeshes/ColorCalibrator/M_ClearCoatBlack.uasset" 513
"../../../Engine/Content/EditorMeshes/ColorCalibrator/Color_checker.uasset" 514
"../../../Engine/Content/EditorMeshes/ColorCalibrator/M_ColorGrid.uasset" 515
"../../../Engine/Content/EditorMeshes/ColorCalibrator/M_GreyBall.uasset" 516
"../../../Engine/Content/EditorMeshes/ColorCalibrator/SM_ColorCalibrator.uasset" 517
"../../../../../../IIM/A4/XmasJam/XmasJam/Content/StarterContent/Architecture/SM_AssetPlatform.uasset" 518
"../../../../../../IIM/A4/XmasJam/XmasJam/Content/StarterContent/Maps/Advanced_Lighting.umap" 519
"../../../../../../IIM/A4/XmasJam/XmasJam/Content/StarterContent/Maps/Minimal_Default_BuiltData.uasset" 520
"../../../../../../IIM/A4/XmasJam/XmasJam/Content/StarterContent/Materials/M_Metal_Brushed_Nickel.uasset" 521
"../../../../../../IIM/A4/XmasJam/XmasJam/Content/StarterContent/Textures/T_Metal_Aluminum_D.uasset" 522
"../../../../../../IIM/A4/XmasJam/XmasJam/Content/StarterContent/Textures/T_Metal_Gold_N.uasset" 523
"../../../../../../IIM/A4/XmasJam/XmasJam/Content/StarterContent/Materials/M_Metal_Burnished_Steel.uasset" 524
"../../../../../../IIM/A4/XmasJam/XmasJam/Content/StarterContent/Textures/T_Metal_Copper_D.uasset" 525
"../../../../../../IIM/A4/XmasJam/XmasJam/Content/StarterContent/Materials/M_Metal_Copper.uasset" 526
"../../../../../../IIM/A4/XmasJam/XmasJam/Content/StarterContent/Textures/T_Statue_M.uasset" 527
"../../../../../../IIM/A4/XmasJam/XmasJam/Content/StarterContent/Textures/T_Statue_N.uasset" 528
"../../../../../../IIM/A4/XmasJam/XmasJam/Content/StarterContent/Props/Materials/M_StatueGlass.uasset" 529
"../../../../../../IIM/A4/XmasJam/XmasJam/Content/StarterContent/Architecture/Floor_400x400.uasset" 530
"../../../../../../IIM/A4/XmasJam/XmasJam/Content/StarterContent/Audio/Starter_Background_Cue.uasset" 531
"../../../../../../IIM/A4/XmasJam/XmasJam/Content/StarterContent/Props/SM_Chair.uasset" 532
"../../../../../../IIM/A4/XmasJam/XmasJam/Content/StarterContent/Props/Materials/M_Statue.uasset" 533
"../../../../../../IIM/A4/XmasJam/XmasJam/Content/StarterContent/Props/SM_Statue.uasset" 534
"../../../../../../IIM/A4/XmasJam/XmasJam/Content/StarterContent/Textures/T_TableRound_M.uasset" 535
"../../../../../../IIM/A4/XmasJam/XmasJam/Content/StarterContent/Textures/T_TableRound_N.uasset" 536
"../../../../../../IIM/A4/XmasJam/XmasJam/Content/StarterContent/Props/Materials/M_TableRound.uasset" 537
"../../../../../../IIM/A4/XmasJam/XmasJam/Content/StarterContent/Props/SM_TableRound.uasset" 538
"../../../../../../IIM/A4/XmasJam/XmasJam/Content/StarterContent/Maps/Minimal_Default.umap" 539
"../../../../../../IIM/A4/XmasJam/XmasJam/Content/StarterContent/Audio/Fire01_Cue.uasset" 540
"../../../../../../IIM/A4/XmasJam/XmasJam/Content/StarterContent/Textures/T_Fire_SubUV.uasset" 541
"../../../../../../IIM/A4/XmasJam/XmasJam/Content/StarterContent/Textures/T_Fire_Tiled_D.uasset" 542
"../../../../../../IIM/A4/XmasJam/XmasJam/Content/StarterContent/Particles/Materials/M_Fire_SubUV.uasset" 543
"../../../../../../IIM/A4/XmasJam/XmasJam/Content/StarterContent/Textures/T_Water_N.uasset" 544
"../../../../../../IIM/A4/XmasJam/XmasJam/Content/StarterContent/Particles/Materials/M_Heat_Distortion.uasset" 545
"../../../../../../IIM/A4/XmasJam/XmasJam/Content/StarterContent/Particles/Materials/M_Radial_Gradient.uasset" 546
"../../../../../../IIM/A4/XmasJam/XmasJam/Content/StarterContent/Particles/P_Fire.uasset" 547
"../../../../../../IIM/A4/XmasJam/XmasJam/Content/StarterContent/Blueprints/Blueprint_Effect_Fire.uasset" 548
"../../../../../../IIM/A4/XmasJam/XmasJam/Content/StarterContent/Audio/Smoke01_Cue.uasset" 549
"../../../../../../IIM/A4/XmasJam/XmasJam/Content/StarterContent/Particles/P_Smoke.uasset" 550
"../../../../../../IIM/A4/XmasJam/XmasJam/Content/StarterContent/Blueprints/Blueprint_Effect_Smoke.uasset" 551
"../../../../../../IIM/A4/XmasJam/XmasJam/Content/StarterContent/Audio/Fire_Sparks01_Cue.uasset" 552
"../../../../../../IIM/A4/XmasJam/XmasJam/Content/StarterContent/Textures/T_Spark_Core.uasset" 553
"../../../../../../IIM/A4/XmasJam/XmasJam/Content/StarterContent/Particles/Materials/M_Spark.uasset" 554
"../../../../../../IIM/A4/XmasJam/XmasJam/Content/StarterContent/Particles/P_Sparks.uasset" 555
"../../../../../../IIM/A4/XmasJam/XmasJam/Content/StarterContent/Blueprints/Blueprint_Effect_Sparks.uasset" 556
"../../../../../../IIM/A4/XmasJam/XmasJam/Content/StarterContent/Audio/Steam01_Cue.uasset" 557
"../../../../../../IIM/A4/XmasJam/XmasJam/Content/StarterContent/Particles/P_Steam_Lit.uasset" 558
"../../../../../../IIM/A4/XmasJam/XmasJam/Content/StarterContent/Blueprints/Blueprint_Effect_Steam.uasset" 559
"../../../../../../IIM/A4/XmasJam/XmasJam/Content/StarterContent/Textures/T_Lamp_M.uasset" 560
"../../../../../../IIM/A4/XmasJam/XmasJam/Content/StarterContent/Textures/T_Lamp_N.uasset" 561
"../../../../../../IIM/A4/XmasJam/XmasJam/Content/StarterContent/Props/Materials/M_Lamp.uasset" 562
"../../../../../../IIM/A4/XmasJam/XmasJam/Content/StarterContent/Props/SM_Lamp_Ceiling.uasset" 563
"../../../../../../IIM/A4/XmasJam/XmasJam/Content/StarterContent/Blueprints/Blueprint_CeilingLight.uasset" 564
"../../../../../../IIM/A4/XmasJam/XmasJam/Content/StarterContent/Props/SM_Lamp_Wall.uasset" 565
"../../../../../../IIM/A4/XmasJam/XmasJam/Content/StarterContent/Blueprints/Blueprint_WallSconce.uasset" 566
"../../../../../../IIM/A4/XmasJam/XmasJam/Content/StarterContent/Maps/StarterMap_BuiltData.uasset" 567
"../../../../../../IIM/A4/XmasJam/XmasJam/Content/StarterContent/Textures/T_Brick_Clay_New_D.uasset" 568
"../../../../../../IIM/A4/XmasJam/XmasJam/Content/StarterContent/Textures/T_Brick_Clay_New_M.uasset" 569
"../../../../../../IIM/A4/XmasJam/XmasJam/Content/StarterContent/Textures/T_Brick_Clay_New_N.uasset" 570
"../../../../../../IIM/A4/XmasJam/XmasJam/Content/StarterContent/Materials/M_Brick_Clay_New.uasset" 571
"../../../../../../IIM/A4/XmasJam/XmasJam/Content/StarterContent/Textures/T_Brick_Clay_Old_D.uasset" 572
"../../../../../../IIM/A4/XmasJam/XmasJam/Content/StarterContent/Textures/T_Brick_Clay_Old_N.uasset" 573
"../../../../../../IIM/A4/XmasJam/XmasJam/Content/StarterContent/Materials/M_Brick_Clay_Old.uasset" 574
"../../../../../../IIM/A4/XmasJam/XmasJam/Content/StarterContent/Textures/T_Brick_Cut_Stone_D.uasset" 575
"../../../../../../IIM/A4/XmasJam/XmasJam/Content/StarterContent/Textures/T_Brick_Cut_Stone_N.uasset" 576
"../../../../../../IIM/A4/XmasJam/XmasJam/Content/StarterContent/Materials/M_Brick_Cut_Stone.uasset" 577
"../../../../../../IIM/A4/XmasJam/XmasJam/Content/StarterContent/Textures/T_Brick_Hewn_Stone_D.uasset" 578
"../../../../../../IIM/A4/XmasJam/XmasJam/Content/StarterContent/Textures/T_Brick_Hewn_Stone_M.uasset" 579
"../../../../../../IIM/A4/XmasJam/XmasJam/Content/StarterContent/Textures/T_Brick_Hewn_Stone_N.uasset" 580
"../../../../../../IIM/A4/XmasJam/XmasJam/Content/StarterContent/Materials/M_Brick_Hewn_Stone.uasset" 581
"../../../../../../IIM/A4/XmasJam/XmasJam/Content/StarterContent/Textures/T_Ceramic_Tile_M.uasset" 582
"../../../../../../IIM/A4/XmasJam/XmasJam/Content/StarterContent/Textures/T_Ceramic_Tile_N.uasset" 583
"../../../../../../IIM/A4/XmasJam/XmasJam/Content/StarterContent/Textures/T_Rock_Marble_Polished_D.uasset" 584
"../../../../../../IIM/A4/XmasJam/XmasJam/Content/StarterContent/Materials/M_Ceramic_Tile_Checker.uasset" 585
"../../../../../../IIM/A4/XmasJam/XmasJam/Content/StarterContent/Textures/T_CobbleStone_Pebble_D.uasset" 586
"../../../../../../IIM/A4/XmasJam/XmasJam/Content/StarterContent/Textures/T_CobbleStone_Pebble_M.uasset" 587
"../../../../../../IIM/A4/XmasJam/XmasJam/Content/StarterContent/Textures/T_CobbleStone_Pebble_N.uasset" 588
"../../../../../../IIM/A4/XmasJam/XmasJam/Content/StarterContent/Materials/M_CobbleStone_Pebble.uasset" 589
"../../../../../../IIM/A4/XmasJam/XmasJam/Content/StarterContent/Textures/T_CobbleStone_Rough_D.uasset" 590
"../../../../../../IIM/A4/XmasJam/XmasJam/Content/StarterContent/Textures/T_CobbleStone_Rough_N.uasset" 591
"../../../../../../IIM/A4/XmasJam/XmasJam/Content/StarterContent/Textures/T_Gradinet_01.uasset" 592
"../../../../../../IIM/A4/XmasJam/XmasJam/Content/StarterContent/Textures/T_Rock_Smooth_Granite_D.uasset" 593
"../../../../../../IIM/A4/XmasJam/XmasJam/Content/StarterContent/Materials/M_CobbleStone_Rough.uasset" 594
"../../../../../../IIM/A4/XmasJam/XmasJam/Content/StarterContent/Textures/T_CobbleStone_Smooth_D.uasset" 595
"../../../../../../IIM/A4/XmasJam/XmasJam/Content/StarterContent/Textures/T_CobbleStone_Smooth_M.uasset" 596
"../../../../../../IIM/A4/XmasJam/XmasJam/Content/StarterContent/Textures/T_CobbleStone_Smooth_N.uasset" 597
"../../../../../../IIM/A4/XmasJam/XmasJam/Content/StarterContent/Materials/M_CobbleStone_Smooth.uasset" 598
"../../../../../../IIM/A4/XmasJam/XmasJam/Content/StarterContent/Textures/T_Concrete_Grime_D.uasset" 599
"../../../../../../IIM/A4/XmasJam/XmasJam/Content/StarterContent/Textures/T_Metal_Rust_N.uasset" 600
"../../../../../../IIM/A4/XmasJam/XmasJam/Content/StarterContent/Materials/M_Concrete_Grime.uasset" 601
"../../../../../../IIM/A4/XmasJam/XmasJam/Content/StarterContent/Textures/T_Concrete_Panels_D.uasset" 602
"../../../../../../IIM/A4/XmasJam/XmasJam/Content/StarterContent/Textures/T_Concrete_Panels_N.uasset" 603
"../../../../../../IIM/A4/XmasJam/XmasJam/Content/StarterContent/Materials/M_Concrete_Panels.uasset" 604
"../../../../../../IIM/A4/XmasJam/XmasJam/Content/StarterContent/Textures/T_Concrete_Poured_D.uasset" 605
"../../../../../../IIM/A4/XmasJam/XmasJam/Content/StarterContent/Textures/T_Concrete_Poured_N.uasset" 606
"../../../../../../IIM/A4/XmasJam/XmasJam/Content/StarterContent/Materials/M_Concrete_Poured.uasset" 607
"../../../../../../IIM/A4/XmasJam/XmasJam/Content/StarterContent/Textures/T_Concrete_Tiles_D.uasset" 608
"../../../../../../IIM/A4/XmasJam/XmasJam/Content/StarterContent/Textures/T_Concrete_Tiles_M.uasset" 609
"../../../../../../IIM/A4/XmasJam/XmasJam/Content/StarterContent/Textures/T_Concrete_Tiles_N.uasset" 610
"../../../../../../IIM/A4/XmasJam/XmasJam/Content/StarterContent/Textures/T_Concrete_Tiles_Variation_M.uasset" 611
"../../../../../../IIM/A4/XmasJam/XmasJam/Content/StarterContent/Materials/M_Concrete_Tiles.uasset" 612
"../../../../../../IIM/A4/XmasJam/XmasJam/Content/StarterContent/Textures/T_Ground_Grass_D.uasset" 613
"../../../../../../IIM/A4/XmasJam/XmasJam/Content/StarterContent/Textures/T_Ground_Grass_N.uasset" 614
"../../../../../../IIM/A4/XmasJam/XmasJam/Content/StarterContent/Materials/M_Ground_Grass.uasset" 615
"../../../../../../IIM/A4/XmasJam/XmasJam/Content/StarterContent/Textures/T_Ground_Gravel_D.uasset" 616
"../../../../../../IIM/A4/XmasJam/XmasJam/Content/StarterContent/Textures/T_Ground_Gravel_N.uasset" 617
"../../../../../../IIM/A4/XmasJam/XmasJam/Content/StarterContent/Materials/M_Ground_Gravel.uasset" 618
"../../../../../../IIM/A4/XmasJam/XmasJam/Content/StarterContent/Textures/T_ground_Moss_D.uasset" 619
"../../../../../../IIM/A4/XmasJam/XmasJam/Content/StarterContent/Textures/T_Ground_Moss_N.uasset" 620
"../../../../../../IIM/A4/XmasJam/XmasJam/Content/StarterContent/Materials/M_Ground_Moss.uasset" 621
"../../../../../../IIM/A4/XmasJam/XmasJam/Content/StarterContent/Materials/M_Metal_Chrome.uasset" 622
"../../../../../../IIM/A4/XmasJam/XmasJam/Content/StarterContent/Textures/T_Metal_Gold_D.uasset" 623
"../../../../../../IIM/A4/XmasJam/XmasJam/Content/StarterContent/Materials/M_Metal_Gold.uasset" 624
"../../../../../../IIM/A4/XmasJam/XmasJam/Content/StarterContent/Textures/T_Metal_Rust_D.uasset" 625
"../../../../../../IIM/A4/XmasJam/XmasJam/Content/StarterContent/Materials/M_Metal_Rust.uasset" 626
"../../../../../../IIM/A4/XmasJam/XmasJam/Content/StarterContent/Textures/T_Metal_Steel_D.uasset" 627
"../../../../../../IIM/A4/XmasJam/XmasJam/Content/StarterContent/Textures/T_Metal_Steel_N.uasset" 628
"../../../../../../IIM/A4/XmasJam/XmasJam/Content/StarterContent/Materials/M_Metal_Steel.uasset" 629
"../../../../../../IIM/A4/XmasJam/XmasJam/Content/StarterContent/Textures/T_Rock_Basalt_N.uasset" 630
"../../../../../../IIM/A4/XmasJam/XmasJam/Content/StarterContent/Materials/M_Rock_Basalt.uasset" 631
"../../../../../../IIM/A4/XmasJam/XmasJam/Content/StarterContent/Materials/M_Rock_Marble_Polished.uasset" 632
"../../../../../../IIM/A4/XmasJam/XmasJam/Content/StarterContent/Textures/T_Rock_Sandstone_D.uasset" 633
"../../../../../../IIM/A4/XmasJam/XmasJam/Content/StarterContent/Textures/T_Rock_Sandstone_N.uasset" 634
"../../../../../../IIM/A4/XmasJam/XmasJam/Content/StarterContent/Materials/M_Rock_Sandstone.uasset" 635
"../../../../../../IIM/A4/XmasJam/XmasJam/Content/StarterContent/Textures/T_Rock_Slate_D.uasset" 636
"../../../../../../IIM/A4/XmasJam/XmasJam/Content/StarterContent/Textures/T_Rock_Slate_N.uasset" 637
"../../../../../../IIM/A4/XmasJam/XmasJam/Content/StarterContent/Materials/M_Rock_Slate.uasset" 638
"../../../../../../IIM/A4/XmasJam/XmasJam/Content/StarterContent/Textures/T_Checker_Noise_M.uasset" 639
"../../../../../../IIM/A4/XmasJam/XmasJam/Content/StarterContent/Textures/T_Single_Tile_N.uasset" 640
"../../../../../../IIM/A4/XmasJam/XmasJam/Content/StarterContent/Textures/T_Tech_Dot_M.uasset" 641
"../../../../../../IIM/A4/XmasJam/XmasJam/Content/StarterContent/Textures/T_Tech_Dot_N.uasset" 642
"../../../../../../IIM/A4/XmasJam/XmasJam/Content/StarterContent/Materials/M_Tech_Checker_Dot.uasset" 643
"../../../../../../IIM/A4/XmasJam/XmasJam/Content/StarterContent/Textures/T_Tech_Hex_Tile_M.uasset" 644
"../../../../../../IIM/A4/XmasJam/XmasJam/Content/StarterContent/Textures/T_Tech_Hex_Tile_N.uasset" 645
"../../../../../../IIM/A4/XmasJam/XmasJam/Content/StarterContent/Materials/M_Tech_Hex_Tile.uasset" 646
"../../../../../../IIM/A4/XmasJam/XmasJam/Content/StarterContent/Materials/M_Tech_Hex_Tile_Pulse.uasset" 647
"../../../../../../IIM/A4/XmasJam/XmasJam/Content/StarterContent/Textures/T_Tech_Panel_M.uasset" 648
"../../../../../../IIM/A4/XmasJam/XmasJam/Content/StarterContent/Textures/T_Tech_Panel_N.uasset" 649
"../../../../../../IIM/A4/XmasJam/XmasJam/Content/StarterContent/Materials/M_Tech_Panel.uasset" 650
"../../../../../../IIM/A4/XmasJam/XmasJam/Content/StarterContent/Materials/M_Water_Lake.uasset" 651
"../../../../../../IIM/A4/XmasJam/XmasJam/Content/StarterContent/Textures/T_Water_M.uasset" 652
"../../../../../../IIM/A4/XmasJam/XmasJam/Content/StarterContent/Materials/M_Water_Ocean.uasset" 653
"../../../Engine/Content/Functions/Engine_MaterialFunctions01/Opacity/AlphaOffset.uasset" 654
"../../../../../../IIM/A4/XmasJam/XmasJam/Content/StarterContent/Materials/M_Wood_Floor_Walnut_Worn.uasset" 655
"../../../../../../IIM/A4/XmasJam/XmasJam/Content/StarterContent/Textures/T_Wood_Oak_D.uasset" 656
"../../../../../../IIM/A4/XmasJam/XmasJam/Content/StarterContent/Textures/T_Wood_Oak_N.uasset" 657
"../../../../../../IIM/A4/XmasJam/XmasJam/Content/StarterContent/Materials/M_Wood_Oak.uasset" 658
"../../../../../../IIM/A4/XmasJam/XmasJam/Content/StarterContent/Textures/T_Wood_Pine_D.uasset" 659
"../../../../../../IIM/A4/XmasJam/XmasJam/Content/StarterContent/Textures/T_Wood_Pine_N.uasset" 660
"../../../../../../IIM/A4/XmasJam/XmasJam/Content/StarterContent/Materials/M_Wood_Pine.uasset" 661
"../../../../../../IIM/A4/XmasJam/XmasJam/Content/StarterContent/Textures/T_Wood_Walnut_D.uasset" 662
"../../../../../../IIM/A4/XmasJam/XmasJam/Content/StarterContent/Textures/T_Wood_Walnut_N.uasset" 663
"../../../../../../IIM/A4/XmasJam/XmasJam/Content/StarterContent/Materials/M_Wood_Walnut.uasset" 664
"../../../../../../IIM/A4/XmasJam/XmasJam/Content/StarterContent/Architecture/Wall_400x200.uasset" 665
"../../../../../../IIM/A4/XmasJam/XmasJam/Content/StarterContent/Architecture/Wall_Door_400x300.uasset" 666
"../../../../../../IIM/A4/XmasJam/XmasJam/Content/StarterContent/Architecture/Wall_Window_400x300.uasset" 667
"../../../../../../IIM/A4/XmasJam/XmasJam/Content/StarterContent/Audio/Collapse_Cue.uasset" 668
"../../../../../../IIM/A4/XmasJam/XmasJam/Content/StarterContent/Audio/Starter_Music_Cue.uasset" 669
"../../../../../../IIM/A4/XmasJam/XmasJam/Content/StarterContent/Textures/T_Dust_Particle_D.uasset" 670
"../../../../../../IIM/A4/XmasJam/XmasJam/Content/StarterContent/Particles/Materials/M_Dust_Particle.uasset" 671
"../../../../../../IIM/A4/XmasJam/XmasJam/Content/StarterContent/Particles/P_Ambient_Dust.uasset" 672
"../../../../../../IIM/A4/XmasJam/XmasJam/Content/StarterContent/Props/MaterialSphere.uasset" 673
"../../../../../../IIM/A4/XmasJam/XmasJam/Content/StarterContent/Textures/T_Frame_M.uasset" 674
"../../../../../../IIM/A4/XmasJam/XmasJam/Content/StarterContent/Textures/T_Frame_N.uasset" 675
"../../../../../../IIM/A4/XmasJam/XmasJam/Content/StarterContent/Props/Materials/M_Frame.uasset" 676
"../../../../../../IIM/A4/XmasJam/XmasJam/Content/StarterContent/Props/SM_CornerFrame.uasset" 677
"../../../../../../IIM/A4/XmasJam/XmasJam/Content/StarterContent/Props/SM_DoorFrame.uasset" 678
"../../../../../../IIM/A4/XmasJam/XmasJam/Content/StarterContent/Props/SM_GlassWindow.uasset" 679
"../../../../../../IIM/A4/XmasJam/XmasJam/Content/StarterContent/Props/SM_PillarFrame.uasset" 680
"../../../../../../IIM/A4/XmasJam/XmasJam/Content/StarterContent/Props/SM_PillarFrame300.uasset" 681
"../../../../../../IIM/A4/XmasJam/XmasJam/Content/StarterContent/Props/SM_WindowFrame.uasset" 682
"../../../../../../IIM/A4/XmasJam/XmasJam/Content/StarterContent/Shapes/Shape_QuadPyramid.uasset" 683
"../../../../../../IIM/A4/XmasJam/XmasJam/Content/StarterContent/Shapes/Shape_Sphere.uasset" 684
"../../../../../../IIM/A4/XmasJam/XmasJam/Content/StarterContent/Maps/StarterMap.umap" 685
"../../../Engine/Content/Maps/Entry_BuiltData.uasset" 686
"../../../Engine/Content/Maps/Entry.umap" 687
